[2023-11-07 18:14:12,448: INFO: main: Welcome to our custom logging1]
[2023-11-07 20:08:03,277: INFO: common: yaml file: config\config.yaml loaded successfully]
[2023-11-07 20:08:03,279: INFO: common: yaml file: params.yaml loaded successfully]
[2023-11-07 20:09:36,093: INFO: common: yaml file: config\config.yaml loaded successfully]
[2023-11-07 20:09:36,100: INFO: common: yaml file: params.yaml loaded successfully]
[2023-11-07 20:09:36,103: INFO: common: yaml file: schema.yaml loaded successfully]
[2023-11-07 20:09:36,104: INFO: common: created directory at: artifacts]
[2023-11-07 20:09:36,108: INFO: common: created directory at: artifacts/data_ingestion]
[2023-11-07 20:09:37,580: INFO: 2209473208: artifacts/data_ingestion/data.zip download! with following info: 
Connection: close
Content-Length: 23329
Cache-Control: max-age=300
Content-Security-Policy: default-src 'none'; style-src 'unsafe-inline'; sandbox
Content-Type: application/zip
ETag: "c69888a4ae59bc5a893392785a938ccd4937981c06ba8a9d6a21aa52b4ab5b6e"
Strict-Transport-Security: max-age=31536000
X-Content-Type-Options: nosniff
X-Frame-Options: deny
X-XSS-Protection: 1; mode=block
X-GitHub-Request-Id: F03A:7C1D:106D16C:141C649:654ADFD2
Accept-Ranges: bytes
Date: Wed, 08 Nov 2023 01:09:38 GMT
Via: 1.1 varnish
X-Served-By: cache-pdk-kpdk1780114-PDK
X-Cache: MISS
X-Cache-Hits: 0
X-Timer: S1699405779.648769,VS0,VE114
Vary: Authorization,Accept-Encoding,Origin
Access-Control-Allow-Origin: *
Cross-Origin-Resource-Policy: cross-origin
X-Fastly-Request-ID: 64e0d160ec540500bb58e29e6285f9d64573548e
Expires: Wed, 08 Nov 2023 01:14:38 GMT
Source-Age: 0

]
[2023-11-07 20:41:01,522: INFO: main: >>>>>> stage Data Ingestion stage started <<<<<<]
[2023-11-07 20:41:01,529: INFO: common: yaml file: config\config.yaml loaded successfully]
[2023-11-07 20:41:01,529: INFO: common: yaml file: params.yaml loaded successfully]
[2023-11-07 20:41:01,530: INFO: common: yaml file: schema.yaml loaded successfully]
[2023-11-07 20:41:01,530: INFO: common: created directory at: artifacts]
[2023-11-07 20:41:01,530: INFO: common: created directory at: artifacts/data_ingestion]
[2023-11-07 20:41:01,530: INFO: data_ingestion: file already exists of size: ~ 23 KB]
[2023-11-07 20:41:01,532: INFO: main: >>>>>> stage Data Ingestion stage completed <<<<<<

x==========x]
[2023-11-07 20:43:25,660: INFO: main: >>>>>> stage Data Ingestion stage started <<<<<<]
[2023-11-07 20:43:25,662: INFO: common: yaml file: config\config.yaml loaded successfully]
[2023-11-07 20:43:25,662: INFO: common: yaml file: params.yaml loaded successfully]
[2023-11-07 20:43:25,666: INFO: common: yaml file: schema.yaml loaded successfully]
[2023-11-07 20:43:25,666: INFO: common: created directory at: artifacts]
[2023-11-07 20:43:25,667: INFO: common: created directory at: artifacts/data_ingestion]
[2023-11-07 20:43:26,865: INFO: data_ingestion: artifacts/data_ingestion/data.zip download! with following info: 
Connection: close
Content-Length: 23329
Cache-Control: max-age=300
Content-Security-Policy: default-src 'none'; style-src 'unsafe-inline'; sandbox
Content-Type: application/zip
ETag: "c69888a4ae59bc5a893392785a938ccd4937981c06ba8a9d6a21aa52b4ab5b6e"
Strict-Transport-Security: max-age=31536000
X-Content-Type-Options: nosniff
X-Frame-Options: deny
X-XSS-Protection: 1; mode=block
X-GitHub-Request-Id: F03A:7C1D:106D16C:141C649:654ADFD2
Accept-Ranges: bytes
Date: Wed, 08 Nov 2023 01:43:28 GMT
Via: 1.1 varnish
X-Served-By: cache-pdk-kpdk1780101-PDK
X-Cache: HIT
X-Cache-Hits: 1
X-Timer: S1699407808.028969,VS0,VE87
Vary: Authorization,Accept-Encoding,Origin
Access-Control-Allow-Origin: *
Cross-Origin-Resource-Policy: cross-origin
X-Fastly-Request-ID: 3c5d21b5a1c8aa08ac44e4ecfcf1aac516f012ed
Expires: Wed, 08 Nov 2023 01:48:28 GMT
Source-Age: 0

]
[2023-11-07 20:43:26,880: INFO: main: >>>>>> stage Data Ingestion stage completed <<<<<<

x==========x]
[2023-11-07 20:56:34,720: INFO: main: >>>>>> stage Data Ingestion stage started <<<<<<]
[2023-11-07 20:56:34,720: INFO: common: yaml file: config\config.yaml loaded successfully]
[2023-11-07 20:56:34,720: INFO: common: yaml file: params.yaml loaded successfully]
[2023-11-07 20:56:34,720: INFO: common: yaml file: schema.yaml loaded successfully]
[2023-11-07 20:56:34,720: INFO: common: created directory at: artifacts]
[2023-11-07 20:56:34,720: INFO: common: created directory at: artifacts/data_ingestion]
[2023-11-07 20:56:35,875: INFO: data_ingestion: artifacts/data_ingestion/data.zip download! with following info: 
Connection: close
Content-Length: 23329
Cache-Control: max-age=300
Content-Security-Policy: default-src 'none'; style-src 'unsafe-inline'; sandbox
Content-Type: application/zip
ETag: "c69888a4ae59bc5a893392785a938ccd4937981c06ba8a9d6a21aa52b4ab5b6e"
Strict-Transport-Security: max-age=31536000
X-Content-Type-Options: nosniff
X-Frame-Options: deny
X-XSS-Protection: 1; mode=block
X-GitHub-Request-Id: F03A:7C1D:106D16C:141C649:654ADFD2
Accept-Ranges: bytes
Date: Wed, 08 Nov 2023 01:56:37 GMT
Via: 1.1 varnish
X-Served-By: cache-pdk-kpdk1780087-PDK
X-Cache: HIT
X-Cache-Hits: 1
X-Timer: S1699408597.060218,VS0,VE103
Vary: Authorization,Accept-Encoding,Origin
Access-Control-Allow-Origin: *
Cross-Origin-Resource-Policy: cross-origin
X-Fastly-Request-ID: 1dd0bc85442c33b6a7095803f7b33ace98e36dac
Expires: Wed, 08 Nov 2023 02:01:37 GMT
Source-Age: 0

]
[2023-11-07 20:56:35,898: INFO: main: >>>>>> stage Data Ingestion stage completed <<<<<<

x==========x]
[2023-11-08 10:45:54,239: INFO: common: yaml file: config\config.yaml loaded successfully]
[2023-11-08 10:45:54,245: INFO: common: yaml file: params.yaml loaded successfully]
[2023-11-08 10:45:54,258: INFO: common: yaml file: schema.yaml loaded successfully]
[2023-11-08 10:45:54,261: INFO: common: created directory at: artifacts]
[2023-11-08 10:45:54,263: INFO: common: created directory at: artifacts/data_validation]
[2023-11-08 10:49:41,405: INFO: common: yaml file: config\config.yaml loaded successfully]
[2023-11-08 10:49:41,408: INFO: common: yaml file: params.yaml loaded successfully]
[2023-11-08 10:49:41,412: INFO: common: yaml file: schema.yaml loaded successfully]
[2023-11-08 10:49:41,414: INFO: common: created directory at: artifacts]
[2023-11-08 10:49:41,417: INFO: common: created directory at: artifacts/data_validation]
[2023-11-08 10:53:20,495: INFO: common: yaml file: config\config.yaml loaded successfully]
[2023-11-08 10:53:20,500: INFO: common: yaml file: params.yaml loaded successfully]
[2023-11-08 10:53:20,505: INFO: common: yaml file: schema.yaml loaded successfully]
[2023-11-08 10:53:20,507: INFO: common: created directory at: artifacts]
[2023-11-08 10:53:20,509: INFO: common: created directory at: artifacts/data_validation]
[2023-11-08 11:27:46,904: INFO: main: >>>>>> stage Data Ingestion stage started <<<<<<]
[2023-11-08 11:27:46,910: INFO: common: yaml file: config\config.yaml loaded successfully]
[2023-11-08 11:27:46,910: INFO: common: yaml file: params.yaml loaded successfully]
[2023-11-08 11:27:46,910: INFO: common: yaml file: schema.yaml loaded successfully]
[2023-11-08 11:27:46,910: INFO: common: created directory at: artifacts]
[2023-11-08 11:27:46,910: INFO: common: created directory at: artifacts/data_ingestion]
[2023-11-08 11:27:49,161: INFO: data_ingestion: artifacts/data_ingestion/data.zip download! with following info: 
Connection: close
Content-Length: 23329
Cache-Control: max-age=300
Content-Security-Policy: default-src 'none'; style-src 'unsafe-inline'; sandbox
Content-Type: application/zip
ETag: "c69888a4ae59bc5a893392785a938ccd4937981c06ba8a9d6a21aa52b4ab5b6e"
Strict-Transport-Security: max-age=31536000
X-Content-Type-Options: nosniff
X-Frame-Options: deny
X-XSS-Protection: 1; mode=block
X-GitHub-Request-Id: 0E14:73DF:263675:2E6670:654BB704
Accept-Ranges: bytes
Date: Wed, 08 Nov 2023 16:27:49 GMT
Via: 1.1 varnish
X-Served-By: cache-pdk-kpdk1780098-PDK
X-Cache: MISS
X-Cache-Hits: 0
X-Timer: S1699460869.134046,VS0,VE145
Vary: Authorization,Accept-Encoding,Origin
Access-Control-Allow-Origin: *
Cross-Origin-Resource-Policy: cross-origin
X-Fastly-Request-ID: af0d59fa671461fbe68d1dd87437d1a7d55e9988
Expires: Wed, 08 Nov 2023 16:32:49 GMT
Source-Age: 0

]
[2023-11-08 11:27:49,163: INFO: main: >>>>>> stage Data Ingestion stage completed <<<<<<

x==========x]
[2023-11-08 11:27:49,163: INFO: main: >>>>>> stage Data Validation stage started <<<<<<]
[2023-11-08 11:27:49,177: INFO: common: yaml file: config\config.yaml loaded successfully]
[2023-11-08 11:27:49,177: INFO: common: yaml file: params.yaml loaded successfully]
[2023-11-08 11:27:49,177: INFO: common: yaml file: schema.yaml loaded successfully]
[2023-11-08 11:27:49,177: INFO: common: created directory at: artifacts]
[2023-11-08 11:27:49,177: INFO: common: created directory at: artifacts/data_ingestion]
[2023-11-08 11:27:49,177: INFO: data_ingestion: file already exists of size: ~ 23 KB]
[2023-11-08 11:27:49,177: INFO: main: >>>>>> stage Data Validation stage completed <<<<<<

x==========x]
[2023-11-08 11:29:37,220: INFO: main: >>>>>> stage Data Ingestion stage started <<<<<<]
[2023-11-08 11:29:37,226: INFO: common: yaml file: config\config.yaml loaded successfully]
[2023-11-08 11:29:37,226: INFO: common: yaml file: params.yaml loaded successfully]
[2023-11-08 11:29:37,229: INFO: common: yaml file: schema.yaml loaded successfully]
[2023-11-08 11:29:37,229: INFO: common: created directory at: artifacts]
[2023-11-08 11:29:37,229: INFO: common: created directory at: artifacts/data_ingestion]
[2023-11-08 11:29:39,024: INFO: data_ingestion: artifacts/data_ingestion/data.zip download! with following info: 
Connection: close
Content-Length: 23329
Cache-Control: max-age=300
Content-Security-Policy: default-src 'none'; style-src 'unsafe-inline'; sandbox
Content-Type: application/zip
ETag: "c69888a4ae59bc5a893392785a938ccd4937981c06ba8a9d6a21aa52b4ab5b6e"
Strict-Transport-Security: max-age=31536000
X-Content-Type-Options: nosniff
X-Frame-Options: deny
X-XSS-Protection: 1; mode=block
X-GitHub-Request-Id: 0E14:73DF:263675:2E6670:654BB704
Accept-Ranges: bytes
Date: Wed, 08 Nov 2023 16:29:39 GMT
Via: 1.1 varnish
X-Served-By: cache-pdk-kpdk1780111-PDK
X-Cache: HIT
X-Cache-Hits: 1
X-Timer: S1699460979.188402,VS0,VE6
Vary: Authorization,Accept-Encoding,Origin
Access-Control-Allow-Origin: *
Cross-Origin-Resource-Policy: cross-origin
X-Fastly-Request-ID: e9cdb2f9d3f7a751b529b493c6b242cbee9339c2
Expires: Wed, 08 Nov 2023 16:34:39 GMT
Source-Age: 110

]
[2023-11-08 11:29:39,038: INFO: main: >>>>>> stage Data Ingestion stage completed <<<<<<

x==========x]
[2023-11-08 11:29:39,039: INFO: main: >>>>>> stage Data Validation stage started <<<<<<]
[2023-11-08 11:29:39,039: INFO: common: yaml file: config\config.yaml loaded successfully]
[2023-11-08 11:29:39,039: INFO: common: yaml file: params.yaml loaded successfully]
[2023-11-08 11:29:39,045: INFO: common: yaml file: schema.yaml loaded successfully]
[2023-11-08 11:29:39,047: INFO: common: created directory at: artifacts]
[2023-11-08 11:29:39,047: ERROR: main: 'ConfigurationManager' object has no attribute 'get_data_validation_config']
Traceback (most recent call last):
  File "C:\Users\thedu\MLOps-with-MLFlow\main.py", line 19, in <module>
    data_ingestion.main()
  File "c:\users\thedu\mlops-with-mlflow\src\mlProject\pipeline\stage_02_data_validation.py", line 13, in main
    data_validation_config = config.get_data_validation_config()
                             ^^^^^^^^^^^^^^^^^^^^^^^^^^^^^^^^^
AttributeError: 'ConfigurationManager' object has no attribute 'get_data_validation_config'
[2023-11-08 11:33:06,353: INFO: main: >>>>>> stage Data Ingestion stage started <<<<<<]
[2023-11-08 11:33:06,353: INFO: common: yaml file: config\config.yaml loaded successfully]
[2023-11-08 11:33:06,353: INFO: common: yaml file: params.yaml loaded successfully]
[2023-11-08 11:33:06,365: INFO: common: yaml file: schema.yaml loaded successfully]
[2023-11-08 11:33:06,365: INFO: common: created directory at: artifacts]
[2023-11-08 11:33:06,365: INFO: common: created directory at: artifacts/data_ingestion]
[2023-11-08 11:33:08,318: INFO: data_ingestion: artifacts/data_ingestion/data.zip download! with following info: 
Connection: close
Content-Length: 23329
Cache-Control: max-age=300
Content-Security-Policy: default-src 'none'; style-src 'unsafe-inline'; sandbox
Content-Type: application/zip
ETag: "c69888a4ae59bc5a893392785a938ccd4937981c06ba8a9d6a21aa52b4ab5b6e"
Strict-Transport-Security: max-age=31536000
X-Content-Type-Options: nosniff
X-Frame-Options: deny
X-XSS-Protection: 1; mode=block
X-GitHub-Request-Id: 0E14:73DF:263675:2E6670:654BB704
Accept-Ranges: bytes
Date: Wed, 08 Nov 2023 16:33:08 GMT
Via: 1.1 varnish
X-Served-By: cache-pdk-kpdk1780094-PDK
X-Cache: HIT
X-Cache-Hits: 1
X-Timer: S1699461188.375723,VS0,VE92
Vary: Authorization,Accept-Encoding,Origin
Access-Control-Allow-Origin: *
Cross-Origin-Resource-Policy: cross-origin
X-Fastly-Request-ID: d7dfb0862b71675665b9ac50e4860c573ec03aa4
Expires: Wed, 08 Nov 2023 16:38:08 GMT
Source-Age: 0

]
[2023-11-08 11:33:08,334: INFO: main: >>>>>> stage Data Ingestion stage completed <<<<<<

x==========x]
[2023-11-08 11:33:08,334: INFO: main: >>>>>> stage Data Validation stage started <<<<<<]
[2023-11-08 11:33:08,334: INFO: common: yaml file: config\config.yaml loaded successfully]
[2023-11-08 11:33:08,340: INFO: common: yaml file: params.yaml loaded successfully]
[2023-11-08 11:33:08,341: INFO: common: yaml file: schema.yaml loaded successfully]
[2023-11-08 11:33:08,341: INFO: common: created directory at: artifacts]
[2023-11-08 11:33:08,341: ERROR: main: 'ConfigurationManager' object has no attribute 'get_data_validation_config']
Traceback (most recent call last):
  File "C:\Users\thedu\MLOps-with-MLFlow\main.py", line 19, in <module>
    data_ingestion.main()
  File "c:\users\thedu\mlops-with-mlflow\src\mlProject\pipeline\stage_02_data_validation.py", line 13, in main
    data_validation_config = config.get_data_validation_config()
                             ^^^^^^^^^^^^^^^^^^^^^^^^^^^^^^^^^
AttributeError: 'ConfigurationManager' object has no attribute 'get_data_validation_config'
[2023-11-08 11:39:59,147: INFO: main: >>>>>> stage Data Ingestion stage started <<<<<<]
[2023-11-08 11:39:59,150: INFO: common: yaml file: config\config.yaml loaded successfully]
[2023-11-08 11:39:59,150: INFO: common: yaml file: params.yaml loaded successfully]
[2023-11-08 11:39:59,152: INFO: common: yaml file: schema.yaml loaded successfully]
[2023-11-08 11:39:59,155: INFO: common: created directory at: artifacts]
[2023-11-08 11:39:59,156: INFO: common: created directory at: artifacts/data_ingestion]
[2023-11-08 11:40:01,588: INFO: data_ingestion: artifacts/data_ingestion/data.zip download! with following info: 
Connection: close
Content-Length: 23329
Cache-Control: max-age=300
Content-Security-Policy: default-src 'none'; style-src 'unsafe-inline'; sandbox
Content-Type: application/zip
ETag: "c69888a4ae59bc5a893392785a938ccd4937981c06ba8a9d6a21aa52b4ab5b6e"
Strict-Transport-Security: max-age=31536000
X-Content-Type-Options: nosniff
X-Frame-Options: deny
X-XSS-Protection: 1; mode=block
X-GitHub-Request-Id: 0E14:73DF:263675:2E6670:654BB704
Accept-Ranges: bytes
Date: Wed, 08 Nov 2023 16:40:01 GMT
Via: 1.1 varnish
X-Served-By: cache-pdk-kpdk1780083-PDK
X-Cache: HIT
X-Cache-Hits: 1
X-Timer: S1699461602.692594,VS0,VE66
Vary: Authorization,Accept-Encoding,Origin
Access-Control-Allow-Origin: *
Cross-Origin-Resource-Policy: cross-origin
X-Fastly-Request-ID: 24f6a7bfeb5a7e65cdb170b43194216b062bcfbf
Expires: Wed, 08 Nov 2023 16:45:01 GMT
Source-Age: 0

]
[2023-11-08 11:40:01,609: INFO: main: >>>>>> stage Data Ingestion stage completed <<<<<<

x==========x]
[2023-11-08 11:40:01,609: INFO: main: >>>>>> stage Data Validation stage started <<<<<<]
[2023-11-08 11:40:01,609: INFO: common: yaml file: config\config.yaml loaded successfully]
[2023-11-08 11:40:01,609: INFO: common: yaml file: params.yaml loaded successfully]
[2023-11-08 11:40:01,609: INFO: common: yaml file: schema.yaml loaded successfully]
[2023-11-08 11:40:01,609: INFO: common: created directory at: artifacts]
[2023-11-08 11:40:01,609: INFO: common: created directory at: artifacts/data_validation]
[2023-11-08 11:40:01,609: ERROR: main: 'NoneType' object has no attribute 'unzip_data_dir']
Traceback (most recent call last):
  File "C:\Users\thedu\MLOps-with-MLFlow\main.py", line 19, in <module>
    data_ingestion.main()
  File "c:\users\thedu\mlops-with-mlflow\src\mlProject\pipeline\stage_02_data_validation.py", line 15, in main
    data_validation.validate_all_columns()
  File "c:\users\thedu\mlops-with-mlflow\src\mlProject\components\data_validation.py", line 34, in validate_all_columns
    raise e
  File "c:\users\thedu\mlops-with-mlflow\src\mlProject\components\data_validation.py", line 15, in validate_all_columns
    data = pd.read_csv(self.config.unzip_data_dir)
                       ^^^^^^^^^^^^^^^^^^^^^^^^^^
AttributeError: 'NoneType' object has no attribute 'unzip_data_dir'
[2023-11-08 11:50:12,215: INFO: main: >>>>>> stage Data Ingestion stage started <<<<<<]
[2023-11-08 11:50:12,219: INFO: common: yaml file: config\config.yaml loaded successfully]
[2023-11-08 11:50:12,221: INFO: common: yaml file: params.yaml loaded successfully]
[2023-11-08 11:50:12,223: INFO: common: yaml file: schema.yaml loaded successfully]
[2023-11-08 11:50:12,223: INFO: common: created directory at: artifacts]
[2023-11-08 11:50:12,225: INFO: common: created directory at: artifacts/data_ingestion]
[2023-11-08 11:50:14,667: INFO: data_ingestion: artifacts/data_ingestion/data.zip download! with following info: 
Connection: close
Content-Length: 23329
Cache-Control: max-age=300
Content-Security-Policy: default-src 'none'; style-src 'unsafe-inline'; sandbox
Content-Type: application/zip
ETag: "c69888a4ae59bc5a893392785a938ccd4937981c06ba8a9d6a21aa52b4ab5b6e"
Strict-Transport-Security: max-age=31536000
X-Content-Type-Options: nosniff
X-Frame-Options: deny
X-XSS-Protection: 1; mode=block
X-GitHub-Request-Id: 0E14:73DF:263675:2E6670:654BB704
Accept-Ranges: bytes
Date: Wed, 08 Nov 2023 16:50:14 GMT
Via: 1.1 varnish
X-Served-By: cache-pdk-kpdk1780144-PDK
X-Cache: HIT
X-Cache-Hits: 1
X-Timer: S1699462215.808331,VS0,VE71
Vary: Authorization,Accept-Encoding,Origin
Access-Control-Allow-Origin: *
Cross-Origin-Resource-Policy: cross-origin
X-Fastly-Request-ID: 58e17619548bcf0a2f1884af0825c549505d45a3
Expires: Wed, 08 Nov 2023 16:55:14 GMT
Source-Age: 0

]
[2023-11-08 11:50:14,675: INFO: main: >>>>>> stage Data Ingestion stage completed <<<<<<

x==========x]
[2023-11-08 11:50:14,675: INFO: main: >>>>>> stage Data Validation stage started <<<<<<]
[2023-11-08 11:50:14,681: INFO: common: yaml file: config\config.yaml loaded successfully]
[2023-11-08 11:50:14,681: INFO: common: yaml file: params.yaml loaded successfully]
[2023-11-08 11:50:14,681: INFO: common: yaml file: schema.yaml loaded successfully]
[2023-11-08 11:50:14,681: INFO: common: created directory at: artifacts]
[2023-11-08 11:50:14,681: INFO: common: created directory at: artifacts/data_validation]
[2023-11-08 11:50:14,712: INFO: main: >>>>>> stage Data Validation stage completed <<<<<<

x==========x]
[2023-11-08 12:23:22,127: INFO: common: yaml file: config\config.yaml loaded successfully]
[2023-11-08 12:23:22,128: INFO: common: yaml file: params.yaml loaded successfully]
[2023-11-08 12:23:22,133: INFO: common: yaml file: schema.yaml loaded successfully]
[2023-11-08 12:23:22,138: INFO: common: created directory at: artifacts]
[2023-11-08 12:23:22,141: INFO: common: created directory at: artifacts/data_transformation]
[2023-11-08 12:23:22,198: INFO: 503016883: Splited data into training and test sets]
[2023-11-08 12:23:22,204: INFO: 503016883: (1199, 12)]
[2023-11-08 12:23:22,204: INFO: 503016883: (400, 12)]
[2023-11-08 12:51:12,172: INFO: main: >>>>>> stage Data Ingestion stage started <<<<<<]
[2023-11-08 12:51:12,174: INFO: common: yaml file: config\config.yaml loaded successfully]
[2023-11-08 12:51:12,174: INFO: common: yaml file: params.yaml loaded successfully]
[2023-11-08 12:51:12,177: INFO: common: yaml file: schema.yaml loaded successfully]
[2023-11-08 12:51:12,177: INFO: common: created directory at: artifacts]
[2023-11-08 12:51:12,179: INFO: common: created directory at: artifacts/data_ingestion]
[2023-11-08 12:51:14,287: INFO: data_ingestion: artifacts/data_ingestion/data.zip download! with following info: 
Connection: close
Content-Length: 23329
Cache-Control: max-age=300
Content-Security-Policy: default-src 'none'; style-src 'unsafe-inline'; sandbox
Content-Type: application/zip
ETag: "c69888a4ae59bc5a893392785a938ccd4937981c06ba8a9d6a21aa52b4ab5b6e"
Strict-Transport-Security: max-age=31536000
X-Content-Type-Options: nosniff
X-Frame-Options: deny
X-XSS-Protection: 1; mode=block
X-GitHub-Request-Id: 0E14:73DF:263675:2E6670:654BB704
Accept-Ranges: bytes
Date: Wed, 08 Nov 2023 17:51:14 GMT
Via: 1.1 varnish
X-Served-By: cache-pdk-kpdk1780124-PDK
X-Cache: HIT
X-Cache-Hits: 1
X-Timer: S1699465874.347322,VS0,VE64
Vary: Authorization,Accept-Encoding,Origin
Access-Control-Allow-Origin: *
Cross-Origin-Resource-Policy: cross-origin
X-Fastly-Request-ID: 9d33dd5cfe256c1f5c36309084f588380efb01c5
Expires: Wed, 08 Nov 2023 17:56:14 GMT
Source-Age: 0

]
[2023-11-08 12:51:14,295: INFO: main: >>>>>> stage Data Ingestion stage completed <<<<<<

x==========x]
[2023-11-08 12:51:14,295: INFO: main: >>>>>> stage Data Validation stage started <<<<<<]
[2023-11-08 12:51:14,301: INFO: common: yaml file: config\config.yaml loaded successfully]
[2023-11-08 12:51:14,301: INFO: common: yaml file: params.yaml loaded successfully]
[2023-11-08 12:51:14,303: INFO: common: yaml file: schema.yaml loaded successfully]
[2023-11-08 12:51:14,303: INFO: common: created directory at: artifacts]
[2023-11-08 12:51:14,303: INFO: common: created directory at: artifacts/data_validation]
[2023-11-08 12:51:14,315: INFO: main: >>>>>> stage Data Validation stage completed <<<<<<

x==========x]
[2023-11-08 12:51:14,315: INFO: main: >>>>>> stage Data Transformation stage started <<<<<<]
[2023-11-08 12:51:14,315: INFO: common: yaml file: config\config.yaml loaded successfully]
[2023-11-08 12:51:14,315: INFO: common: yaml file: params.yaml loaded successfully]
[2023-11-08 12:51:14,332: INFO: common: yaml file: schema.yaml loaded successfully]
[2023-11-08 12:51:14,332: INFO: common: created directory at: artifacts]
[2023-11-08 12:51:14,340: INFO: common: created directory at: artifacts/data_transformation]
[2023-11-08 12:51:14,371: INFO: data_transformation: Splited data into training and test sets]
[2023-11-08 12:51:14,371: INFO: data_transformation: (1199, 12)]
[2023-11-08 12:51:14,371: INFO: data_transformation: (400, 12)]
[2023-11-08 12:51:14,371: INFO: main: >>>>>> stage Data Transformation stage completed <<<<<<

x==========x]
